[OK] CSS de VER REPORTES
[OK] tipo de programa ESCOLARES U.LIMA
[OK] selector de programa ESCOLARES U.LIMA
[OK] normalización de escolares en IMPRESIONES
[OK] catálogo de SÍLABOS ESCOLAR U.LIMA
[OK] color de SÍLABOS ESCOLAR U.LIMA
[OK] normalización de SÍLABOS ESCOLAR U.LIMA
[OK] vinculación Materiales-Sílabos ESCOLAR U.LIMA
[OK] estado de edición de NOTAS GENERALES
[OK] leyenda de SÍLABOS ESCOLAR U.LIMA
[OK] carpeta raíz de MATERIALES ESCOLARES U.LIMA
[OK] color de MATERIALES ESCOLARES U.LIMA
[OK] cursos de MATERIALES ESCOLARES U.LIMA
[OK] nombre visible de MATERIALES ESCOLARES U.LIMA
[OK] selección de cursos de MATERIALES ESCOLARES U.LIMA
[OK] LISTAS escolares de SAN BORJA
[OK] LISTAS escolares de VIRTUAL
[OK] catálogo de REPORTES relacionado con LISTAS
[OK] botones de REPORTES por rol
[OK] editor de enlaces de NOTAS GENERALES
index.html actualizado: 556747 -> 563982 caracteres
TXT generado: dashboard_con_mejoras_escolares_reportes_notas.txt
Sintaxis JavaScript validada en 1 bloque(s) inline.
exit_code=0
